<?xml version="1.0" encoding="UTF-8"?>
<!-- Generated by org.testng.reporters.JUnitXMLReporter -->
<testsuite hostname="LAPTOP-EP5F0OPV" ignored="0" name="Default test" tests="9" failures="0" timestamp="2020-10-26T11:33:17 IST" time="183.797" errors="0">
  <testcase name="validloginTest" time="21.007" classname="com.ustg.amazon.test.AmazonTest"/>
  <testcase name="womensCategoryTest" time="54.754" classname="com.ustg.amazon.test.AmazonTest"/>
  <testcase name="womensFashionListTest" time="20.13" classname="com.ustg.amazon.test.AmazonTest"/>
  <testcase name="AddToCartPageTest" time="15.95" classname="com.ustg.amazon.test.AmazonTest"/>
  <testcase name="ShopCartPageTest" time="9.074" classname="com.ustg.amazon.test.AmazonTest"/>
  <testcase name="ElectronicsCategoryTest" time="14.291" classname="com.ustg.amazon.test.AmazonTest"/>
  <testcase name="headphoneListTest" time="16.54" classname="com.ustg.amazon.test.AmazonTest"/>
  <testcase name="AddToCartPageTest2" time="12.494" classname="com.ustg.amazon.test.AmazonTest"/>
  <testcase name="SignOutAndSignIn" time="19.462" classname="com.ustg.amazon.test.AmazonTest"/>
</testsuite> <!-- Default test -->
